wdwdw
dde
dededdioragnodwdFINEciao
jij
nxuw
bhwx
dede
dede
www
ww
dee
,lf,e
prpw
dd
50

50

50

50

50

50

50

50

FWC - 50

FWC - 50

FWC - 50

FWC - 50

FWC - 50

FWC - 50

FWC - 50

FWC - 50

FWC - 50

FWC - 50

FWC - 50

FWC - 50

FWC - 50

FWC - 50

FWC - 50

FWC - 50

FWC - 50

FWC - 50

FWC - 50

FWC - 50

FWC - 50

FWC - 50

FWC - 50

FWC - 50

FWC - 50

FWC - 50

FWC - 50

FWC - 50

FWC - 50

FWC - 50

FWC - 50

FWC - 50

050

050
50

050
50
50

050
50
50
50

050
50
50
50
50

050
50
50
50
50
50

050
50
50
50
50
50
50

050
50
50
50
50
50
50
50

050
50
50
50
50
50
50
50
50

050

050
50

050
50
50

050
50
50
50

050
50
50
50
50

050
50
50
50
50
50

050
50
50
50
50
50
50

050
50
50
50
50
50
50
50

050
50
50
50
50
50
50
50
50

050

050

050

050

050

050

050

050

050

050

050

050

050

050

050

050

050

050

050

050

050

050

050

050

050

050

050

050

050

050

050

050

050

050

050

050

050

050

050

050

050

050

050

050

050

050

050

050

0DESTRA

050

050

050

050

050

0DESTRA

050

050

050

050

050

050

050

050

050

0DESTRA

050

050

050

050

050

050

050

0DESTRA

050

050

050

050

050

050

050

050

050

0DESTRA

050

050

050

0DESTRA

050

050

050

050

050

0DESTRA

050

050

050

050

050

050

050

050

0DESTRA

050

050

050

050

050

050

050

050

050

0DESTRA

050

050

050

050

050

050

0DESTRA

050

050

050

0DESTRA

050

050

050

050

050

050

0DESTRA

050

050

050

050

050

050

050

050

050

0DESTRA

050

050

050

050

050

050

050

050

050

050

050

050

050

0DESTRA

050

050

050

050

0SINISTRA

050

050

050

050

050

0DESTRA

050

050

050

050

050

0PERICOLO

050

050

050

050

050

050

0DESTRA

050

050

050

050

0SINISTRA

050

050

050

050

050

0DESTRA

050

050

050

050

0SINISTRA

050

050

050

050

